Makefile
README
changelog.txt
commondefines.h
in46_addr.c
in46_addr.h
iniparser.c
iniparser.h
openbsd_stringfuncs.c
openbsd_stringfuncs.h
readini.c
readini.h
readme.txt.old
repeater.c
repeaterevents.c
repeaterevents.h
repeater.h
repeaterproc.c
repeaterproc.h
ultravncrepeaterlinuxport.html
uvncrepeater.ini
eventlistener/EventListener$1.class
eventlistener/EventListener.class
eventlistener/EventListener.java
eventlistener/EventListener$MyTableModel.class
eventlistener/In.class
eventlistener/In.java
eventlistener/ListenerThread$1.class
eventlistener/ListenerThread.class
